-------------------------------------------------------------------------------
Test set: TestSuite
-------------------------------------------------------------------------------
Tests run: 33, Failures: 33, Errors: 0, Skipped: 0, Time elapsed: 12.572 sec <<< FAILURE! - in TestSuite
test1_positiveLogin(tests.LoginTests)  Time elapsed: 0.006 sec  <<< FAILURE!
java.lang.NullPointerException: null
	at tests.LoginTests.test1_positiveLogin(LoginTests.java:23)

test2_incorrectLogin(tests.LoginTests)  Time elapsed: 0 sec  <<< FAILURE!
java.lang.NullPointerException: null
	at tests.LoginTests.test2_incorrectLogin(LoginTests.java:57)

test3_incorrectPassField(tests.LoginTests)  Time elapsed: 0 sec  <<< FAILURE!
java.lang.NullPointerException: null
	at tests.LoginTests.test3_incorrectPassField(LoginTests.java:90)

test4_emptyEmailAndPassFields(tests.LoginTests)  Time elapsed: 0.001 sec  <<< FAILURE!
java.lang.NullPointerException: null
	at tests.LoginTests.test4_emptyEmailAndPassFields(LoginTests.java:117)

test5_emptyEmailField(tests.LoginTests)  Time elapsed: 0 sec  <<< FAILURE!
java.lang.NullPointerException: null
	at tests.LoginTests.test5_emptyEmailField(LoginTests.java:141)

test6_emptyPassField(tests.LoginTests)  Time elapsed: 0.001 sec  <<< FAILURE!
java.lang.NullPointerException: null
	at tests.LoginTests.test6_emptyPassField(LoginTests.java:165)

test1_positiveRegistration(tests.RegistrationTests)  Time elapsed: 0.001 sec  <<< FAILURE!
java.lang.NullPointerException: null
	at tests.RegistrationTests.test1_positiveRegistration(RegistrationTests.java:25)

test2_negativeOnlyFirstEmailField(tests.RegistrationTests)  Time elapsed: 0 sec  <<< FAILURE!
java.lang.NullPointerException: null
	at tests.RegistrationTests.test2_negativeOnlyFirstEmailField(RegistrationTests.java:67)

test3_negativeOnlySecondEmailField(tests.RegistrationTests)  Time elapsed: 0.001 sec  <<< FAILURE!
java.lang.NullPointerException: null
	at tests.RegistrationTests.test3_negativeOnlySecondEmailField(RegistrationTests.java:108)

test4_negativeOnlyFirstPassField(tests.RegistrationTests)  Time elapsed: 0.001 sec  <<< FAILURE!
java.lang.NullPointerException: null
	at tests.RegistrationTests.test4_negativeOnlyFirstPassField(RegistrationTests.java:148)

test5_negativeOnlySecondPassField(tests.RegistrationTests)  Time elapsed: 0.001 sec  <<< FAILURE!
java.lang.NullPointerException: null
	at tests.RegistrationTests.test5_negativeOnlySecondPassField(RegistrationTests.java:189)

test6_negativeOnlyEmailFields(tests.RegistrationTests)  Time elapsed: 0.002 sec  <<< FAILURE!
java.lang.NullPointerException: null
	at tests.RegistrationTests.test6_negativeOnlyEmailFields(RegistrationTests.java:230)

test7_negativeOnlyPassFields(tests.RegistrationTests)  Time elapsed: 0 sec  <<< FAILURE!
java.lang.NullPointerException: null
	at tests.RegistrationTests.test7_negativeOnlyPassFields(RegistrationTests.java:271)

test8_negativeFirstPassFieldEmpty(tests.RegistrationTests)  Time elapsed: 0.001 sec  <<< FAILURE!
java.lang.NullPointerException: null
	at tests.RegistrationTests.test8_negativeFirstPassFieldEmpty(RegistrationTests.java:312)

test9_negativeSecondPassFieldEmpty(tests.RegistrationTests)  Time elapsed: 0.001 sec  <<< FAILURE!
java.lang.NullPointerException: null
	at tests.RegistrationTests.test9_negativeSecondPassFieldEmpty(RegistrationTests.java:353)

test10_negativeFirstEmailFieldEmpty(tests.RegistrationTests)  Time elapsed: 0 sec  <<< FAILURE!
java.lang.NullPointerException: null
	at tests.RegistrationTests.test10_negativeFirstEmailFieldEmpty(RegistrationTests.java:394)

test11_negativeSecondEmailFieldEmpty(tests.RegistrationTests)  Time elapsed: 0.001 sec  <<< FAILURE!
java.lang.NullPointerException: null
	at tests.RegistrationTests.test11_negativeSecondEmailFieldEmpty(RegistrationTests.java:435)

test12_negativeVariousEmailAddress(tests.RegistrationTests)  Time elapsed: 0.001 sec  <<< FAILURE!
java.lang.NullPointerException: null
	at tests.RegistrationTests.test12_negativeVariousEmailAddress(RegistrationTests.java:476)

test13_negativeVariousPassFields(tests.RegistrationTests)  Time elapsed: 0.001 sec  <<< FAILURE!
java.lang.NullPointerException: null
	at tests.RegistrationTests.test13_negativeVariousPassFields(RegistrationTests.java:515)

test1_womanProductPage(tests.ProductPageTests)  Time elapsed: 0 sec  <<< FAILURE!
java.lang.NullPointerException: null
	at tests.ProductPageTests.test1_womanProductPage(ProductPageTests.java:18)

test2_manProductPage(tests.ProductPageTests)  Time elapsed: 0 sec  <<< FAILURE!
java.lang.NullPointerException: null
	at tests.ProductPageTests.test2_manProductPage(ProductPageTests.java:41)

test3_barnProductPage(tests.ProductPageTests)  Time elapsed: 0 sec  <<< FAILURE!
java.lang.NullPointerException: null
	at tests.ProductPageTests.test3_barnProductPage(ProductPageTests.java:61)

test4_sportProductPage(tests.ProductPageTests)  Time elapsed: 0.001 sec  <<< FAILURE!
java.lang.NullPointerException: null
	at tests.ProductPageTests.test4_sportProductPage(ProductPageTests.java:81)

test5_linenAndBathPage(tests.ProductPageTests)  Time elapsed: 0 sec  <<< FAILURE!
java.lang.NullPointerException: null
	at tests.ProductPageTests.test5_linenAndBathPage(ProductPageTests.java:101)

test6_footwearPage(tests.ProductPageTests)  Time elapsed: 0.003 sec  <<< FAILURE!
java.lang.NullPointerException: null
	at tests.ProductPageTests.test6_footwearPage(ProductPageTests.java:121)

test7_hemPage(tests.ProductPageTests)  Time elapsed: 0 sec  <<< FAILURE!
java.lang.NullPointerException: null
	at tests.ProductPageTests.test7_hemPage(ProductPageTests.java:141)

test8_electronicPage(tests.ProductPageTests)  Time elapsed: 0 sec  <<< FAILURE!
java.lang.NullPointerException: null
	at tests.ProductPageTests.test8_electronicPage(ProductPageTests.java:161)

test9_beautyAndHealthPage(tests.ProductPageTests)  Time elapsed: 0.001 sec  <<< FAILURE!
java.lang.NullPointerException: null
	at tests.ProductPageTests.test9_beautyAndHealthPage(ProductPageTests.java:181)

test10_plusPage(tests.ProductPageTests)  Time elapsed: 0 sec  <<< FAILURE!
java.lang.NullPointerException: null
	at tests.ProductPageTests.test10_plusPage(ProductPageTests.java:201)

test11_reaPage(tests.ProductPageTests)  Time elapsed: 0 sec  <<< FAILURE!
java.lang.NullPointerException: null
	at tests.ProductPageTests.test11_reaPage(ProductPageTests.java:221)

test12_inspirationPage(tests.ProductPageTests)  Time elapsed: 0 sec  <<< FAILURE!
java.lang.NullPointerException: null
	at tests.ProductPageTests.test12_inspirationPage(ProductPageTests.java:242)

test13_resorPage(tests.ProductPageTests)  Time elapsed: 0 sec  <<< FAILURE!
java.lang.NullPointerException: null
	at tests.ProductPageTests.test13_resorPage(ProductPageTests.java:256)

quitBrowser(tests.ProductPageTests)  Time elapsed: 0.074 sec  <<< FAILURE!
org.openqa.selenium.remote.UnreachableBrowserException: Error communicating with the remote browser. It may have died.
Build info: version: '2.52.0', revision: '4c2593cfc3689a7fcd7be52549167e5ccc93ad28', time: '2016-02-11 11:22:43'
System info: host: 'alexace-pc', ip: '127.0.1.1', os.name: 'Linux', os.arch: 'amd64', os.version: '3.13.0-77-generic', java.version: '1.8.0_60'
Driver info: driver.version: RemoteWebDriver
Capabilities [{applicationCacheEnabled=true, rotatable=false, handlesAlerts=true, databaseEnabled=true, version=44.0.2, platform=LINUX, nativeEvents=false, acceptSslCerts=true, webStorageEnabled=true, locationContextEnabled=true, browserName=firefox, takesScreenshot=true, javascriptEnabled=true, cssSelectorsEnabled=true}]
Session ID: 7864c3e8-2eb9-49ec-b200-2ca6f76c0833
	at org.openqa.selenium.remote.RemoteWebDriver.execute(RemoteWebDriver.java:665)
	at org.openqa.selenium.remote.RemoteWebDriver.execute(RemoteWebDriver.java:701)
	at org.openqa.selenium.remote.RemoteWebDriver.quit(RemoteWebDriver.java:526)
	at utils.WebDriverWrapper.quit(WebDriverWrapper.java:137)
	at tests.Fixture.quitBrowser(Fixture.java:50)
	at sun.reflect.NativeMethodAccessorImpl.invoke0(Native Method)
	at sun.reflect.NativeMethodAccessorImpl.invoke(NativeMethodAccessorImpl.java:62)
	at sun.reflect.DelegatingMethodAccessorImpl.invoke(DelegatingMethodAccessorImpl.java:43)
	at java.lang.reflect.Method.invoke(Method.java:497)
	at org.testng.internal.MethodInvocationHelper.invokeMethod(MethodInvocationHelper.java:84)
	at org.testng.internal.Invoker.invokeConfigurationMethod(Invoker.java:564)
	at org.testng.internal.Invoker.invokeConfigurations(Invoker.java:213)
	at org.testng.internal.Invoker.invokeConfigurations(Invoker.java:138)
	at org.testng.SuiteRunner.privateRun(SuiteRunner.java:322)
	at org.testng.SuiteRunner.run(SuiteRunner.java:254)
	at org.testng.SuiteRunnerWorker.runSuite(SuiteRunnerWorker.java:52)
	at org.testng.SuiteRunnerWorker.run(SuiteRunnerWorker.java:86)
	at org.testng.TestNG.runSuitesSequentially(TestNG.java:1224)
	at org.testng.TestNG.runSuitesSequentially(TestNG.java:1220)
	at org.testng.TestNG.runSuitesLocally(TestNG.java:1149)
	at org.testng.TestNG.run(TestNG.java:1057)
	at org.apache.maven.surefire.testng.TestNGExecutor.run(TestNGExecutor.java:293)
	at org.apache.maven.surefire.testng.TestNGXmlTestSuite.execute(TestNGXmlTestSuite.java:84)
	at org.apache.maven.surefire.testng.TestNGProvider.invoke(TestNGProvider.java:91)
	at org.apache.maven.surefire.booter.ForkedBooter.invokeProviderInSameClassLoader(ForkedBooter.java:200)
	at org.apache.maven.surefire.booter.ForkedBooter.runSuitesInProcess(ForkedBooter.java:153)
	at org.apache.maven.surefire.booter.ForkedBooter.main(ForkedBooter.java:103)
Caused by: org.apache.http.conn.HttpHostConnectException: Connect to 127.0.0.1:7056 [/127.0.0.1] failed: В соединении отказано
	at org.apache.http.impl.conn.DefaultHttpClientConnectionOperator.connect(DefaultHttpClientConnectionOperator.java:151)
	at org.apache.http.impl.conn.PoolingHttpClientConnectionManager.connect(PoolingHttpClientConnectionManager.java:353)
	at org.apache.http.impl.execchain.MainClientExec.establishRoute(MainClientExec.java:380)
	at org.apache.http.impl.execchain.MainClientExec.execute(MainClientExec.java:236)
	at org.apache.http.impl.execchain.ProtocolExec.execute(ProtocolExec.java:184)
	at org.apache.http.impl.execchain.RetryExec.execute(RetryExec.java:88)
	at org.apache.http.impl.execchain.RedirectExec.execute(RedirectExec.java:110)
	at org.apache.http.impl.client.InternalHttpClient.doExecute(InternalHttpClient.java:184)
	at org.apache.http.impl.client.CloseableHttpClient.execute(CloseableHttpClient.java:71)
	at org.apache.http.impl.client.CloseableHttpClient.execute(CloseableHttpClient.java:55)
	at org.openqa.selenium.remote.internal.ApacheHttpClient.fallBackExecute(ApacheHttpClient.java:144)
	at org.openqa.selenium.remote.internal.ApacheHttpClient.execute(ApacheHttpClient.java:90)
	at org.openqa.selenium.remote.HttpCommandExecutor.execute(HttpCommandExecutor.java:142)
	at org.openqa.selenium.firefox.internal.NewProfileExtensionConnection.execute(NewProfileExtensionConnection.java:160)
	at org.openqa.selenium.firefox.FirefoxDriver$LazyCommandExecutor.execute(FirefoxDriver.java:380)
	at org.openqa.selenium.remote.RemoteWebDriver.execute(RemoteWebDriver.java:644)
	at org.openqa.selenium.remote.RemoteWebDriver.execute(RemoteWebDriver.java:701)
	at org.openqa.selenium.remote.RemoteWebDriver.quit(RemoteWebDriver.java:526)
	at utils.WebDriverWrapper.quit(WebDriverWrapper.java:137)
	at tests.Fixture.quitBrowser(Fixture.java:50)
	at sun.reflect.NativeMethodAccessorImpl.invoke0(Native Method)
	at sun.reflect.NativeMethodAccessorImpl.invoke(NativeMethodAccessorImpl.java:62)
	at sun.reflect.DelegatingMethodAccessorImpl.invoke(DelegatingMethodAccessorImpl.java:43)
	at java.lang.reflect.Method.invoke(Method.java:497)
	at org.testng.internal.MethodInvocationHelper.invokeMethod(MethodInvocationHelper.java:84)
	at org.testng.internal.Invoker.invokeConfigurationMethod(Invoker.java:564)
	at org.testng.internal.Invoker.invokeConfigurations(Invoker.java:213)
	at org.testng.internal.Invoker.invokeConfigurations(Invoker.java:138)
	at org.testng.SuiteRunner.privateRun(SuiteRunner.java:322)
	at org.testng.SuiteRunner.run(SuiteRunner.java:254)
	at org.testng.SuiteRunnerWorker.runSuite(SuiteRunnerWorker.java:52)
	at org.testng.SuiteRunnerWorker.run(SuiteRunnerWorker.java:86)
	at org.testng.TestNG.runSuitesSequentially(TestNG.java:1224)
	at org.testng.TestNG.runSuitesSequentially(TestNG.java:1220)
	at org.testng.TestNG.runSuitesLocally(TestNG.java:1149)
	at org.testng.TestNG.run(TestNG.java:1057)
	at org.apache.maven.surefire.testng.TestNGExecutor.run(TestNGExecutor.java:293)
	at org.apache.maven.surefire.testng.TestNGXmlTestSuite.execute(TestNGXmlTestSuite.java:84)
	at org.apache.maven.surefire.testng.TestNGProvider.invoke(TestNGProvider.java:91)
	at org.apache.maven.surefire.booter.ForkedBooter.invokeProviderInSameClassLoader(ForkedBooter.java:200)
	at org.apache.maven.surefire.booter.ForkedBooter.runSuitesInProcess(ForkedBooter.java:153)
	at org.apache.maven.surefire.booter.ForkedBooter.main(ForkedBooter.java:103)
Caused by: java.net.ConnectException: В соединении отказано
	at java.net.PlainSocketImpl.socketConnect(Native Method)
	at java.net.AbstractPlainSocketImpl.doConnect(AbstractPlainSocketImpl.java:350)
	at java.net.AbstractPlainSocketImpl.connectToAddress(AbstractPlainSocketImpl.java:206)
	at java.net.AbstractPlainSocketImpl.connect(AbstractPlainSocketImpl.java:188)
	at java.net.SocksSocketImpl.connect(SocksSocketImpl.java:392)
	at java.net.Socket.connect(Socket.java:589)
	at org.apache.http.conn.socket.PlainConnectionSocketFactory.connectSocket(PlainConnectionSocketFactory.java:74)
	at org.apache.http.impl.conn.DefaultHttpClientConnectionOperator.connect(DefaultHttpClientConnectionOperator.java:134)
	at org.apache.http.impl.conn.PoolingHttpClientConnectionManager.connect(PoolingHttpClientConnectionManager.java:353)
	at org.apache.http.impl.execchain.MainClientExec.establishRoute(MainClientExec.java:380)
	at org.apache.http.impl.execchain.MainClientExec.execute(MainClientExec.java:236)
	at org.apache.http.impl.execchain.ProtocolExec.execute(ProtocolExec.java:184)
	at org.apache.http.impl.execchain.RetryExec.execute(RetryExec.java:88)
	at org.apache.http.impl.execchain.RedirectExec.execute(RedirectExec.java:110)
	at org.apache.http.impl.client.InternalHttpClient.doExecute(InternalHttpClient.java:184)
	at org.apache.http.impl.client.CloseableHttpClient.execute(CloseableHttpClient.java:71)
	at org.apache.http.impl.client.CloseableHttpClient.execute(CloseableHttpClient.java:55)
	at org.openqa.selenium.remote.internal.ApacheHttpClient.fallBackExecute(ApacheHttpClient.java:144)
	at org.openqa.selenium.remote.internal.ApacheHttpClient.execute(ApacheHttpClient.java:90)
	at org.openqa.selenium.remote.HttpCommandExecutor.execute(HttpCommandExecutor.java:142)
	at org.openqa.selenium.firefox.internal.NewProfileExtensionConnection.execute(NewProfileExtensionConnection.java:160)
	at org.openqa.selenium.firefox.FirefoxDriver$LazyCommandExecutor.execute(FirefoxDriver.java:380)
	at org.openqa.selenium.remote.RemoteWebDriver.execute(RemoteWebDriver.java:644)
	at org.openqa.selenium.remote.RemoteWebDriver.execute(RemoteWebDriver.java:701)
	at org.openqa.selenium.remote.RemoteWebDriver.quit(RemoteWebDriver.java:526)
	at utils.WebDriverWrapper.quit(WebDriverWrapper.java:137)
	at tests.Fixture.quitBrowser(Fixture.java:50)
	at sun.reflect.NativeMethodAccessorImpl.invoke0(Native Method)
	at sun.reflect.NativeMethodAccessorImpl.invoke(NativeMethodAccessorImpl.java:62)
	at sun.reflect.DelegatingMethodAccessorImpl.invoke(DelegatingMethodAccessorImpl.java:43)
	at java.lang.reflect.Method.invoke(Method.java:497)
	at org.testng.internal.MethodInvocationHelper.invokeMethod(MethodInvocationHelper.java:84)
	at org.testng.internal.Invoker.invokeConfigurationMethod(Invoker.java:564)
	at org.testng.internal.Invoker.invokeConfigurations(Invoker.java:213)
	at org.testng.internal.Invoker.invokeConfigurations(Invoker.java:138)
	at org.testng.SuiteRunner.privateRun(SuiteRunner.java:322)
	at org.testng.SuiteRunner.run(SuiteRunner.java:254)
	at org.testng.SuiteRunnerWorker.runSuite(SuiteRunnerWorker.java:52)
	at org.testng.SuiteRunnerWorker.run(SuiteRunnerWorker.java:86)
	at org.testng.TestNG.runSuitesSequentially(TestNG.java:1224)
	at org.testng.TestNG.runSuitesSequentially(TestNG.java:1220)
	at org.testng.TestNG.runSuitesLocally(TestNG.java:1149)
	at org.testng.TestNG.run(TestNG.java:1057)
	at org.apache.maven.surefire.testng.TestNGExecutor.run(TestNGExecutor.java:293)
	at org.apache.maven.surefire.testng.TestNGXmlTestSuite.execute(TestNGXmlTestSuite.java:84)
	at org.apache.maven.surefire.testng.TestNGProvider.invoke(TestNGProvider.java:91)
	at org.apache.maven.surefire.booter.ForkedBooter.invokeProviderInSameClassLoader(ForkedBooter.java:200)
	at org.apache.maven.surefire.booter.ForkedBooter.runSuitesInProcess(ForkedBooter.java:153)
	at org.apache.maven.surefire.booter.ForkedBooter.main(ForkedBooter.java:103)

